<?xml version="1.0" encoding="UTF-8"?>
<!-- Generated by org.testng.reporters.JUnitXMLReporter -->
<testsuite hostname="DESKTOP-OU6D541" ignored="0" name="Default test" tests="3" failures="0" timestamp="2020-05-26T17:03:07 EDT" time="0.138" errors="0">
  <testcase name="testOne" time="0.027" classname="com.class01.TestNGDemo"/>
  <testcase name="testThree" time="0.004" classname="com.class01.TestNGDemo"/>
  <testcase name="testTwo" time="0.003" classname="com.class01.TestNGDemo"/>
</testsuite> <!-- Default test -->
