<?xml version="1.0" encoding="UTF-8"?>
<!-- Generated by org.testng.reporters.JUnitXMLReporter -->
<testsuite hostname="DESKTOP-OU6D541" ignored="1" name="Default test" tests="4" failures="0" timestamp="2020-06-03T16:38:49 EDT" time="0.096" errors="0">
  <testcase name="fourthMethod" time="0.01" classname="com.class02.TaskOne"/>
  <testcase name="thirdMethod" time="0.003" classname="com.class02.TaskOne"/>
  <testcase name="secondMethod" time="0.004" classname="com.class02.TaskOne"/>
  <testcase name="firstMethod" time="0.007" classname="com.class02.TaskOne"/>
  <testcase name="firstMethod1" time="0.0" classname="com.class02.TaskOne">
    <ignored/>
  </testcase> <!-- firstMethod1 -->
</testsuite> <!-- Default test -->
