<?xml version="1.0" encoding="UTF-8"?>
<testng-results skipped="0" failed="0" ignored="0" total="3" passed="3">
  <reporter-output>
  </reporter-output>
  <suite name="Default suite" duration-ms="138" started-at="2020-05-26T17:03:07 EDT" finished-at="2020-05-26T17:03:07 EDT">
    <groups>
    </groups>
    <test name="Default test" duration-ms="138" started-at="2020-05-26T17:03:07 EDT" finished-at="2020-05-26T17:03:07 EDT">
      <class name="com.class01.TestNGDemo">
        <test-method status="PASS" signature="testOne()[pri:0, instance:com.class01.TestNGDemo@6e6c3152]" name="testOne" duration-ms="27" started-at="2020-05-26T17:03:07 EDT" finished-at="2020-05-26T17:03:07 EDT">
          <reporter-output>
          </reporter-output>
        </test-method> <!-- testOne -->
        <test-method status="PASS" signature="testThree()[pri:0, instance:com.class01.TestNGDemo@6e6c3152]" name="testThree" duration-ms="4" started-at="2020-05-26T17:03:07 EDT" finished-at="2020-05-26T17:03:07 EDT">
          <reporter-output>
          </reporter-output>
        </test-method> <!-- testThree -->
        <test-method status="PASS" signature="testTwo()[pri:0, instance:com.class01.TestNGDemo@6e6c3152]" name="testTwo" duration-ms="3" started-at="2020-05-26T17:03:07 EDT" finished-at="2020-05-26T17:03:07 EDT">
          <reporter-output>
          </reporter-output>
        </test-method> <!-- testTwo -->
      </class> <!-- com.class01.TestNGDemo -->
    </test> <!-- Default test -->
  </suite> <!-- Default suite -->
</testng-results>
